2020-09-07 18:58:56.142  INFO 2516 --- [restartedMain] c.h.SpringbootPersonblogApplication      : Starting SpringbootPersonblogApplication on DESKTOP-C17O8UM with PID 2516 (E:\框架\SpringBoot\springboot-personblog\target\classes started by 蛋蛋 in E:\框架\SpringBoot\springboot-personblog)
2020-09-07 18:58:56.180 DEBUG 2516 --- [restartedMain] c.h.SpringbootPersonblogApplication      : Running with Spring Boot v2.3.1.RELEASE, Spring v5.2.7.RELEASE
2020-09-07 18:58:56.180  INFO 2516 --- [restartedMain] c.h.SpringbootPersonblogApplication      : No active profile set, falling back to default profiles: default
2020-09-07 18:58:56.253  INFO 2516 --- [restartedMain] .e.DevToolsPropertyDefaultsPostProcessor : Devtools property defaults active! Set 'spring.devtools.add-properties' to 'false' to disable
2020-09-07 18:58:56.253  INFO 2516 --- [restartedMain] .e.DevToolsPropertyDefaultsPostProcessor : For additional web related logging consider setting the 'logging.level.web' property to 'DEBUG'
2020-09-07 18:58:57.609  INFO 2516 --- [restartedMain] .s.d.r.c.RepositoryConfigurationDelegate : Bootstrapping Spring Data JDBC repositories in DEFAULT mode.
2020-09-07 18:58:57.635  INFO 2516 --- [restartedMain] .s.d.r.c.RepositoryConfigurationDelegate : Finished Spring Data repository scanning in 19ms. Found 0 JDBC repository interfaces.
2020-09-07 18:58:58.674  INFO 2516 --- [restartedMain] o.s.b.w.embedded.tomcat.TomcatWebServer  : Tomcat initialized with port(s): 8080 (http)
2020-09-07 18:58:58.683  INFO 2516 --- [restartedMain] o.apache.catalina.core.StandardService   : Starting service [Tomcat]
2020-09-07 18:58:58.684  INFO 2516 --- [restartedMain] org.apache.catalina.core.StandardEngine  : Starting Servlet engine: [Apache Tomcat/9.0.36]
2020-09-07 18:58:58.686  INFO 2516 --- [restartedMain] o.a.catalina.core.AprLifecycleListener   : Loaded Apache Tomcat Native library [1.2.23] using APR version [1.7.0].
2020-09-07 18:58:58.687  INFO 2516 --- [restartedMain] o.a.catalina.core.AprLifecycleListener   : APR capabilities: IPv6 [true], sendfile [true], accept filters [false], random [true].
2020-09-07 18:58:58.687  INFO 2516 --- [restartedMain] o.a.catalina.core.AprLifecycleListener   : APR/OpenSSL configuration: useAprConnector [false], useOpenSSL [true]
2020-09-07 18:58:58.744  INFO 2516 --- [restartedMain] o.a.catalina.core.AprLifecycleListener   : OpenSSL successfully initialized [OpenSSL 1.1.1c  28 May 2019]
2020-09-07 18:58:58.842  INFO 2516 --- [restartedMain] o.a.c.c.C.[Tomcat].[localhost].[/]       : Initializing Spring embedded WebApplicationContext
2020-09-07 18:58:58.842  INFO 2516 --- [restartedMain] w.s.c.ServletWebServerApplicationContext : Root WebApplicationContext: initialization completed in 2589 ms
2020-09-07 18:58:58.921  INFO 2516 --- [restartedMain] com.zaxxer.hikari.HikariDataSource       : HikariPool-1 - Starting...
2020-09-07 18:58:59.282  INFO 2516 --- [restartedMain] com.zaxxer.hikari.HikariDataSource       : HikariPool-1 - Start completed.
2020-09-07 18:58:59.286  INFO 2516 --- [restartedMain] o.s.b.a.h2.H2ConsoleAutoConfiguration    : H2 console available at '/h2-console'. Database available at 'jdbc:mysql://localhost:3306/blog?serverTimezone=UTC&useUnicode=true&characterEncoding=utf-8'
2020-09-07 18:58:59.782  WARN 2516 --- [restartedMain] c.b.m.core.injector.AbstractMethod       : [com.hantao.mapper.BlogMapper.selectById] Has been loaded by XML or SqlProvider or Mybatis's Annotation, so ignoring this injection for [class com.baomidou.mybatisplus.core.injector.methods.SelectById]
2020-09-07 18:58:59.982  WARN 2516 --- [restartedMain] c.b.m.core.injector.AbstractMethod       : [com.hantao.mapper.TagMapper.selectById] Has been loaded by XML or SqlProvider or Mybatis's Annotation, so ignoring this injection for [class com.baomidou.mybatisplus.core.injector.methods.SelectById]
2020-09-07 18:59:00.229  WARN 2516 --- [restartedMain] c.b.m.core.injector.AbstractMethod       : [com.hantao.mapper.TypeMapper.selectById] Has been loaded by XML or SqlProvider or Mybatis's Annotation, so ignoring this injection for [class com.baomidou.mybatisplus.core.injector.methods.SelectById]
2020-09-07 18:59:02.437  INFO 2516 --- [restartedMain] o.s.s.concurrent.ThreadPoolTaskExecutor  : Initializing ExecutorService 'applicationTaskExecutor'
2020-09-07 18:59:02.547  INFO 2516 --- [restartedMain] o.s.b.a.w.s.WelcomePageHandlerMapping    : Adding welcome page template: index
2020-09-07 18:59:02.945  WARN 2516 --- [restartedMain] org.thymeleaf.templatemode.TemplateMode  : [THYMELEAF][restartedMain] Template Mode 'HTML5' is deprecated. Using Template Mode 'HTML' instead.
2020-09-07 18:59:03.508  INFO 2516 --- [restartedMain] o.s.b.d.a.OptionalLiveReloadServer       : LiveReload server is running on port 35729
2020-09-07 18:59:03.550  INFO 2516 --- [restartedMain] o.s.b.w.embedded.tomcat.TomcatWebServer  : Tomcat started on port(s): 8080 (http) with context path ''
2020-09-07 18:59:03.561  INFO 2516 --- [restartedMain] c.h.SpringbootPersonblogApplication      : Started SpringbootPersonblogApplication in 7.904 seconds (JVM running for 9.855)
2020-09-07 18:59:15.914  INFO 2516 --- [http-nio-8080-exec-1] o.a.c.c.C.[Tomcat].[localhost].[/]       : Initializing Spring DispatcherServlet 'dispatcherServlet'
2020-09-07 18:59:15.914  INFO 2516 --- [http-nio-8080-exec-1] o.s.web.servlet.DispatcherServlet        : Initializing Servlet 'dispatcherServlet'
2020-09-07 18:59:15.930  INFO 2516 --- [http-nio-8080-exec-1] o.s.web.servlet.DispatcherServlet        : Completed initialization in 16 ms
2020-09-07 18:59:21.551 DEBUG 2516 --- [http-nio-8080-exec-7] c.h.m.U.SelectByNameAndPassword          : ==>  Preparing: select id, avatar, create_time, email, nickname, password, type, update_time, username from blog.user where username = ? and password = ?
2020-09-07 18:59:21.578 DEBUG 2516 --- [http-nio-8080-exec-7] c.h.m.U.SelectByNameAndPassword          : ==> Parameters: 123(String), e10adc3949ba59abbe56e057f20f883e(String)
2020-09-07 18:59:21.743 DEBUG 2516 --- [http-nio-8080-exec-7] c.h.m.U.SelectByNameAndPassword          : <==      Total: 1
